2025-07-10 08:51:36.236 [restartedMain] INFO  com.rabbiter.tourism.TourismManagerApplication - Starting TourismManagerApplication using Java 20.0.2 on iMiLiko with PID 50732 (E:\XiangMuShiXun\project\TourismManagerApi - idea\target\classes started by 11356 in E:\XiangMuShiXun\project\TourismManagerApi - idea)
2025-07-10 08:51:36.241 [restartedMain] INFO  com.rabbiter.tourism.TourismManagerApplication - The following profiles are active: dev
2025-07-10 08:51:36.279 [restartedMain] INFO  o.s.b.d.env.DevToolsPropertyDefaultsPostProcessor - Devtools property defaults active! Set 'spring.devtools.add-properties' to 'false' to disable
2025-07-10 08:51:36.279 [restartedMain] INFO  o.s.b.d.env.DevToolsPropertyDefaultsPostProcessor - For additional web related logging consider setting the 'logging.level.web' property to 'DEBUG'
2025-07-10 08:51:36.829 [restartedMain] INFO  o.s.d.r.config.RepositoryConfigurationDelegate - Multiple Spring Data modules found, entering strict repository configuration mode!
2025-07-10 08:51:36.830 [restartedMain] INFO  o.s.d.r.config.RepositoryConfigurationDelegate - Bootstrapping Spring Data Redis repositories in DEFAULT mode.
2025-07-10 08:51:36.865 [restartedMain] INFO  o.s.d.r.config.RepositoryConfigurationDelegate - Finished Spring Data repository scanning in 23 ms. Found 0 Redis repository interfaces.
2025-07-10 08:51:37.333 [restartedMain] INFO  o.s.boot.web.embedded.tomcat.TomcatWebServer - Tomcat initialized with port(s): 9511 (http)
2025-07-10 08:51:37.342 [restartedMain] INFO  org.apache.coyote.http11.Http11NioProtocol - Initializing ProtocolHandler ["http-nio-9511"]
2025-07-10 08:51:37.342 [restartedMain] INFO  org.apache.catalina.core.StandardService - Starting service [Tomcat]
2025-07-10 08:51:37.342 [restartedMain] INFO  org.apache.catalina.core.StandardEngine - Starting Servlet engine: [Apache Tomcat/9.0.41]
2025-07-10 08:51:37.344 [restartedMain] INFO  org.apache.catalina.core.AprLifecycleListener - Loaded Apache Tomcat Native library [1.2.39] using APR version [1.7.4].
2025-07-10 08:51:37.344 [restartedMain] INFO  org.apache.catalina.core.AprLifecycleListener - APR capabilities: IPv6 [true], sendfile [true], accept filters [false], random [true].
2025-07-10 08:51:37.344 [restartedMain] INFO  org.apache.catalina.core.AprLifecycleListener - APR/OpenSSL configuration: useAprConnector [false], useOpenSSL [true]
2025-07-10 08:51:37.349 [restartedMain] INFO  org.apache.catalina.core.AprLifecycleListener - OpenSSL successfully initialized [OpenSSL 3.0.11 19 Sep 2023]
2025-07-10 08:51:37.460 [restartedMain] INFO  o.a.c.core.ContainerBase.[Tomcat].[localhost].[/] - Initializing Spring embedded WebApplicationContext
2025-07-10 08:51:37.460 [restartedMain] INFO  o.s.b.w.s.c.ServletWebServerApplicationContext - Root WebApplicationContext: initialization completed in 1179 ms
2025-07-10 08:51:37.905 [restartedMain] INFO  c.a.d.s.b.a.DruidDataSourceAutoConfigure - Init DruidDataSource
2025-07-10 08:51:38.293 [restartedMain] INFO  com.alibaba.druid.pool.DruidDataSource - {dataSource-1} inited
2025-07-10 08:51:38.988 [restartedMain] INFO  o.s.scheduling.concurrent.ThreadPoolTaskExecutor - Initializing ExecutorService 'applicationTaskExecutor'
2025-07-10 08:51:39.209 [restartedMain] INFO  o.s.b.d.autoconfigure.OptionalLiveReloadServer - LiveReload server is running on port 35729
2025-07-10 08:51:39.239 [restartedMain] INFO  org.apache.coyote.http11.Http11NioProtocol - Starting ProtocolHandler ["http-nio-9511"]
2025-07-10 08:51:39.272 [restartedMain] INFO  o.s.boot.web.embedded.tomcat.TomcatWebServer - Tomcat started on port(s): 9511 (http) with context path ''
2025-07-10 08:51:39.280 [restartedMain] INFO  com.rabbiter.tourism.TourismManagerApplication - Started TourismManagerApplication in 3.436 seconds (JVM running for 4.283)
2025-07-10 08:52:03.739 [http-nio-9511-exec-1] INFO  o.a.c.core.ContainerBase.[Tomcat].[localhost].[/] - Initializing Spring DispatcherServlet 'dispatcherServlet'
2025-07-10 08:52:03.739 [http-nio-9511-exec-1] INFO  org.springframework.web.servlet.DispatcherServlet - Initializing Servlet 'dispatcherServlet'
2025-07-10 08:52:03.739 [http-nio-9511-exec-1] INFO  org.springframework.web.servlet.DispatcherServlet - Completed initialization in 0 ms
2025-07-10 08:52:52.040 [http-nio-9511-exec-26] INFO  com.rabbiter.tourism.handle.MyMetaObjectHandler - 公共字段自动填充[update]...
2025-07-10 08:52:52.079 [http-nio-9511-exec-27] INFO  com.rabbiter.tourism.handle.MyMetaObjectHandler - 公共字段自动填充[update]...
2025-07-10 08:52:54.449 [http-nio-9511-exec-30] INFO  com.rabbiter.tourism.handle.MyMetaObjectHandler - 公共字段自动填充[update]...
2025-07-10 08:52:55.954 [http-nio-9511-exec-32] INFO  com.rabbiter.tourism.handle.MyMetaObjectHandler - 公共字段自动填充[update]...
2025-07-10 09:12:38.350 [http-nio-9511-exec-45] INFO  com.rabbiter.tourism.handle.MyMetaObjectHandler - 公共字段自动填充[update]...
2025-07-10 09:22:36.245 [http-nio-9511-exec-85] INFO  com.rabbiter.tourism.handle.MyMetaObjectHandler - 公共字段自动填充[insert]...
2025-07-10 09:39:30.898 [http-nio-9511-exec-17] INFO  com.rabbiter.tourism.handle.MyMetaObjectHandler - 公共字段自动填充[update]...
2025-07-10 09:41:13.844 [SpringContextShutdownHook] INFO  o.s.scheduling.concurrent.ThreadPoolTaskExecutor - Shutting down ExecutorService 'applicationTaskExecutor'
2025-07-10 09:41:13.845 [SpringContextShutdownHook] INFO  com.alibaba.druid.pool.DruidDataSource - {dataSource-1} closing ...
2025-07-10 09:41:13.848 [SpringContextShutdownHook] INFO  com.alibaba.druid.pool.DruidDataSource - {dataSource-1} closed
2025-07-10 09:41:20.762 [restartedMain] INFO  com.rabbiter.tourism.TourismManagerApplication - Starting TourismManagerApplication using Java 20.0.2 on iMiLiko with PID 17564 (E:\XiangMuShiXun\project\TourismManagerApi - idea\target\classes started by 11356 in E:\XiangMuShiXun\project\TourismManagerApi - idea)
2025-07-10 09:41:20.765 [restartedMain] INFO  com.rabbiter.tourism.TourismManagerApplication - The following profiles are active: dev
2025-07-10 09:41:20.800 [restartedMain] INFO  o.s.b.d.env.DevToolsPropertyDefaultsPostProcessor - Devtools property defaults active! Set 'spring.devtools.add-properties' to 'false' to disable
2025-07-10 09:41:20.800 [restartedMain] INFO  o.s.b.d.env.DevToolsPropertyDefaultsPostProcessor - For additional web related logging consider setting the 'logging.level.web' property to 'DEBUG'
2025-07-10 09:41:21.307 [restartedMain] INFO  o.s.d.r.config.RepositoryConfigurationDelegate - Multiple Spring Data modules found, entering strict repository configuration mode!
2025-07-10 09:41:21.309 [restartedMain] INFO  o.s.d.r.config.RepositoryConfigurationDelegate - Bootstrapping Spring Data Redis repositories in DEFAULT mode.
2025-07-10 09:41:21.339 [restartedMain] INFO  o.s.d.r.config.RepositoryConfigurationDelegate - Finished Spring Data repository scanning in 21 ms. Found 0 Redis repository interfaces.
2025-07-10 09:41:21.834 [restartedMain] INFO  o.s.boot.web.embedded.tomcat.TomcatWebServer - Tomcat initialized with port(s): 9511 (http)
2025-07-10 09:41:21.843 [restartedMain] INFO  org.apache.coyote.http11.Http11NioProtocol - Initializing ProtocolHandler ["http-nio-9511"]
2025-07-10 09:41:21.844 [restartedMain] INFO  org.apache.catalina.core.StandardService - Starting service [Tomcat]
2025-07-10 09:41:21.844 [restartedMain] INFO  org.apache.catalina.core.StandardEngine - Starting Servlet engine: [Apache Tomcat/9.0.41]
2025-07-10 09:41:21.845 [restartedMain] INFO  org.apache.catalina.core.AprLifecycleListener - Loaded Apache Tomcat Native library [1.2.39] using APR version [1.7.4].
2025-07-10 09:41:21.846 [restartedMain] INFO  org.apache.catalina.core.AprLifecycleListener - APR capabilities: IPv6 [true], sendfile [true], accept filters [false], random [true].
2025-07-10 09:41:21.846 [restartedMain] INFO  org.apache.catalina.core.AprLifecycleListener - APR/OpenSSL configuration: useAprConnector [false], useOpenSSL [true]
2025-07-10 09:41:21.851 [restartedMain] INFO  org.apache.catalina.core.AprLifecycleListener - OpenSSL successfully initialized [OpenSSL 3.0.11 19 Sep 2023]
2025-07-10 09:41:21.966 [restartedMain] INFO  o.a.c.core.ContainerBase.[Tomcat].[localhost].[/] - Initializing Spring embedded WebApplicationContext
2025-07-10 09:41:21.966 [restartedMain] INFO  o.s.b.w.s.c.ServletWebServerApplicationContext - Root WebApplicationContext: initialization completed in 1166 ms
2025-07-10 09:41:22.393 [restartedMain] INFO  c.a.d.s.b.a.DruidDataSourceAutoConfigure - Init DruidDataSource
2025-07-10 09:41:22.770 [restartedMain] INFO  com.alibaba.druid.pool.DruidDataSource - {dataSource-1} inited
2025-07-10 09:41:23.447 [restartedMain] INFO  o.s.scheduling.concurrent.ThreadPoolTaskExecutor - Initializing ExecutorService 'applicationTaskExecutor'
2025-07-10 09:41:23.683 [restartedMain] INFO  o.s.b.d.autoconfigure.OptionalLiveReloadServer - LiveReload server is running on port 35729
2025-07-10 09:41:23.711 [restartedMain] INFO  org.apache.coyote.http11.Http11NioProtocol - Starting ProtocolHandler ["http-nio-9511"]
2025-07-10 09:41:23.737 [restartedMain] INFO  o.s.boot.web.embedded.tomcat.TomcatWebServer - Tomcat started on port(s): 9511 (http) with context path ''
2025-07-10 09:41:23.744 [restartedMain] INFO  com.rabbiter.tourism.TourismManagerApplication - Started TourismManagerApplication in 3.353 seconds (JVM running for 4.154)
2025-07-10 09:41:26.365 [http-nio-9511-exec-1] INFO  o.a.c.core.ContainerBase.[Tomcat].[localhost].[/] - Initializing Spring DispatcherServlet 'dispatcherServlet'
2025-07-10 09:41:26.365 [http-nio-9511-exec-1] INFO  org.springframework.web.servlet.DispatcherServlet - Initializing Servlet 'dispatcherServlet'
2025-07-10 09:41:26.366 [http-nio-9511-exec-1] INFO  org.springframework.web.servlet.DispatcherServlet - Completed initialization in 1 ms
2025-07-10 09:42:40.063 [SpringContextShutdownHook] INFO  o.s.scheduling.concurrent.ThreadPoolTaskExecutor - Shutting down ExecutorService 'applicationTaskExecutor'
2025-07-10 09:42:40.064 [SpringContextShutdownHook] INFO  com.alibaba.druid.pool.DruidDataSource - {dataSource-1} closing ...
2025-07-10 09:42:40.070 [SpringContextShutdownHook] INFO  com.alibaba.druid.pool.DruidDataSource - {dataSource-1} closed
2025-07-10 09:42:44.962 [restartedMain] INFO  com.rabbiter.tourism.TourismManagerApplication - Starting TourismManagerApplication using Java 20.0.2 on iMiLiko with PID 63316 (E:\XiangMuShiXun\project\TourismManagerApi - idea\target\classes started by 11356 in E:\XiangMuShiXun\project\TourismManagerApi - idea)
2025-07-10 09:42:44.964 [restartedMain] INFO  com.rabbiter.tourism.TourismManagerApplication - The following profiles are active: dev
2025-07-10 09:42:45.010 [restartedMain] INFO  o.s.b.d.env.DevToolsPropertyDefaultsPostProcessor - Devtools property defaults active! Set 'spring.devtools.add-properties' to 'false' to disable
2025-07-10 09:42:45.010 [restartedMain] INFO  o.s.b.d.env.DevToolsPropertyDefaultsPostProcessor - For additional web related logging consider setting the 'logging.level.web' property to 'DEBUG'
2025-07-10 09:42:45.618 [restartedMain] INFO  o.s.d.r.config.RepositoryConfigurationDelegate - Multiple Spring Data modules found, entering strict repository configuration mode!
2025-07-10 09:42:45.621 [restartedMain] INFO  o.s.d.r.config.RepositoryConfigurationDelegate - Bootstrapping Spring Data Redis repositories in DEFAULT mode.
2025-07-10 09:42:45.656 [restartedMain] INFO  o.s.d.r.config.RepositoryConfigurationDelegate - Finished Spring Data repository scanning in 25 ms. Found 0 Redis repository interfaces.
2025-07-10 09:42:46.251 [restartedMain] INFO  o.s.boot.web.embedded.tomcat.TomcatWebServer - Tomcat initialized with port(s): 9511 (http)
2025-07-10 09:42:46.260 [restartedMain] INFO  org.apache.coyote.http11.Http11NioProtocol - Initializing ProtocolHandler ["http-nio-9511"]
2025-07-10 09:42:46.261 [restartedMain] INFO  org.apache.catalina.core.StandardService - Starting service [Tomcat]
2025-07-10 09:42:46.261 [restartedMain] INFO  org.apache.catalina.core.StandardEngine - Starting Servlet engine: [Apache Tomcat/9.0.41]
2025-07-10 09:42:46.263 [restartedMain] INFO  org.apache.catalina.core.AprLifecycleListener - Loaded Apache Tomcat Native library [1.2.39] using APR version [1.7.4].
2025-07-10 09:42:46.263 [restartedMain] INFO  org.apache.catalina.core.AprLifecycleListener - APR capabilities: IPv6 [true], sendfile [true], accept filters [false], random [true].
2025-07-10 09:42:46.263 [restartedMain] INFO  org.apache.catalina.core.AprLifecycleListener - APR/OpenSSL configuration: useAprConnector [false], useOpenSSL [true]
2025-07-10 09:42:46.269 [restartedMain] INFO  org.apache.catalina.core.AprLifecycleListener - OpenSSL successfully initialized [OpenSSL 3.0.11 19 Sep 2023]
2025-07-10 09:42:46.408 [restartedMain] INFO  o.a.c.core.ContainerBase.[Tomcat].[localhost].[/] - Initializing Spring embedded WebApplicationContext
2025-07-10 09:42:46.408 [restartedMain] INFO  o.s.b.w.s.c.ServletWebServerApplicationContext - Root WebApplicationContext: initialization completed in 1397 ms
2025-07-10 09:42:46.464 [restartedMain] INFO  com.rabbiter.tourism.TourismManagerApplication - Starting TourismManagerApplication using Java 20.0.2 on iMiLiko with PID 69888 (E:\XiangMuShiXun\project\TourismManagerApi - idea\target\classes started by 11356 in E:\XiangMuShiXun\project\TourismManagerApi - idea)
2025-07-10 09:42:46.465 [restartedMain] INFO  com.rabbiter.tourism.TourismManagerApplication - The following profiles are active: dev
2025-07-10 09:42:46.510 [restartedMain] INFO  o.s.b.d.env.DevToolsPropertyDefaultsPostProcessor - Devtools property defaults active! Set 'spring.devtools.add-properties' to 'false' to disable
2025-07-10 09:42:46.510 [restartedMain] INFO  o.s.b.d.env.DevToolsPropertyDefaultsPostProcessor - For additional web related logging consider setting the 'logging.level.web' property to 'DEBUG'
2025-07-10 09:42:46.959 [restartedMain] INFO  c.a.d.s.b.a.DruidDataSourceAutoConfigure - Init DruidDataSource
2025-07-10 09:42:47.169 [restartedMain] INFO  o.s.d.r.config.RepositoryConfigurationDelegate - Multiple Spring Data modules found, entering strict repository configuration mode!
2025-07-10 09:42:47.172 [restartedMain] INFO  o.s.d.r.config.RepositoryConfigurationDelegate - Bootstrapping Spring Data Redis repositories in DEFAULT mode.
2025-07-10 09:42:47.213 [restartedMain] INFO  o.s.d.r.config.RepositoryConfigurationDelegate - Finished Spring Data repository scanning in 30 ms. Found 0 Redis repository interfaces.
2025-07-10 09:42:47.393 [restartedMain] INFO  com.alibaba.druid.pool.DruidDataSource - {dataSource-1} inited
2025-07-10 09:42:47.833 [restartedMain] INFO  o.s.boot.web.embedded.tomcat.TomcatWebServer - Tomcat initialized with port(s): 9511 (http)
2025-07-10 09:42:47.841 [restartedMain] INFO  org.apache.coyote.http11.Http11NioProtocol - Initializing ProtocolHandler ["http-nio-9511"]
2025-07-10 09:42:47.842 [restartedMain] INFO  org.apache.catalina.core.StandardService - Starting service [Tomcat]
2025-07-10 09:42:47.843 [restartedMain] INFO  org.apache.catalina.core.StandardEngine - Starting Servlet engine: [Apache Tomcat/9.0.41]
2025-07-10 09:42:47.846 [restartedMain] INFO  org.apache.catalina.core.AprLifecycleListener - Loaded Apache Tomcat Native library [1.2.39] using APR version [1.7.4].
2025-07-10 09:42:47.846 [restartedMain] INFO  org.apache.catalina.core.AprLifecycleListener - APR capabilities: IPv6 [true], sendfile [true], accept filters [false], random [true].
2025-07-10 09:42:47.846 [restartedMain] INFO  org.apache.catalina.core.AprLifecycleListener - APR/OpenSSL configuration: useAprConnector [false], useOpenSSL [true]
2025-07-10 09:42:47.852 [restartedMain] INFO  org.apache.catalina.core.AprLifecycleListener - OpenSSL successfully initialized [OpenSSL 3.0.11 19 Sep 2023]
2025-07-10 09:42:47.983 [restartedMain] INFO  o.a.c.core.ContainerBase.[Tomcat].[localhost].[/] - Initializing Spring embedded WebApplicationContext
2025-07-10 09:42:47.983 [restartedMain] INFO  o.s.b.w.s.c.ServletWebServerApplicationContext - Root WebApplicationContext: initialization completed in 1473 ms
2025-07-10 09:42:48.302 [restartedMain] INFO  o.s.scheduling.concurrent.ThreadPoolTaskExecutor - Initializing ExecutorService 'applicationTaskExecutor'
2025-07-10 09:42:48.601 [restartedMain] INFO  c.a.d.s.b.a.DruidDataSourceAutoConfigure - Init DruidDataSource
2025-07-10 09:42:48.646 [restartedMain] INFO  o.s.b.d.autoconfigure.OptionalLiveReloadServer - LiveReload server is running on port 35729
2025-07-10 09:42:48.693 [restartedMain] INFO  org.apache.coyote.http11.Http11NioProtocol - Starting ProtocolHandler ["http-nio-9511"]
2025-07-10 09:42:48.731 [restartedMain] INFO  o.s.boot.web.embedded.tomcat.TomcatWebServer - Tomcat started on port(s): 9511 (http) with context path ''
2025-07-10 09:42:48.741 [restartedMain] INFO  com.rabbiter.tourism.TourismManagerApplication - Started TourismManagerApplication in 4.153 seconds (JVM running for 4.921)
2025-07-10 09:42:49.054 [restartedMain] INFO  com.alibaba.druid.pool.DruidDataSource - {dataSource-1} inited
2025-07-10 09:42:49.920 [restartedMain] INFO  o.s.scheduling.concurrent.ThreadPoolTaskExecutor - Initializing ExecutorService 'applicationTaskExecutor'
2025-07-10 09:42:50.198 [restartedMain] INFO  org.apache.coyote.http11.Http11NioProtocol - Starting ProtocolHandler ["http-nio-9511"]
2025-07-10 09:42:50.215 [restartedMain] INFO  o.s.scheduling.concurrent.ThreadPoolTaskExecutor - Shutting down ExecutorService 'applicationTaskExecutor'
2025-07-10 09:42:50.216 [restartedMain] INFO  com.alibaba.druid.pool.DruidDataSource - {dataSource-1} closing ...
2025-07-10 09:42:50.222 [restartedMain] INFO  com.alibaba.druid.pool.DruidDataSource - {dataSource-1} closed
2025-07-10 09:42:50.234 [restartedMain] INFO  org.apache.coyote.http11.Http11NioProtocol - Pausing ProtocolHandler ["http-nio-9511"]
2025-07-10 09:42:50.234 [restartedMain] INFO  org.apache.catalina.core.StandardService - Stopping service [Tomcat]
2025-07-10 09:42:50.240 [restartedMain] INFO  org.apache.coyote.http11.Http11NioProtocol - Stopping ProtocolHandler ["http-nio-9511"]
2025-07-10 09:42:50.240 [restartedMain] INFO  org.apache.coyote.http11.Http11NioProtocol - Destroying ProtocolHandler ["http-nio-9511"]
2025-07-10 09:42:50.245 [restartedMain] INFO  o.s.b.a.l.ConditionEvaluationReportLoggingListener - 

Error starting ApplicationContext. To display the conditions report re-run your application with 'debug' enabled.
2025-07-10 09:42:50.726 [http-nio-9511-exec-3] INFO  o.a.c.core.ContainerBase.[Tomcat].[localhost].[/] - Initializing Spring DispatcherServlet 'dispatcherServlet'
2025-07-10 09:42:50.728 [http-nio-9511-exec-3] INFO  org.springframework.web.servlet.DispatcherServlet - Initializing Servlet 'dispatcherServlet'
2025-07-10 09:42:50.729 [http-nio-9511-exec-3] INFO  org.springframework.web.servlet.DispatcherServlet - Completed initialization in 1 ms
2025-07-10 09:45:01.217 [http-nio-9511-exec-41] INFO  com.rabbiter.tourism.handle.MyMetaObjectHandler - 公共字段自动填充[update]...
2025-07-10 09:45:01.239 [http-nio-9511-exec-41] INFO  com.rabbiter.tourism.handle.MyMetaObjectHandler - 公共字段自动填充[insert]...
2025-07-10 09:47:38.147 [http-nio-9511-exec-100] INFO  com.rabbiter.tourism.handle.MyMetaObjectHandler - 公共字段自动填充[update]...
2025-07-10 09:47:38.160 [http-nio-9511-exec-100] INFO  com.rabbiter.tourism.handle.MyMetaObjectHandler - 公共字段自动填充[insert]...
2025-07-10 09:48:08.459 [http-nio-9511-exec-6] INFO  com.rabbiter.tourism.handle.MyMetaObjectHandler - 公共字段自动填充[update]...
2025-07-10 09:48:21.683 [http-nio-9511-exec-11] INFO  com.rabbiter.tourism.handle.MyMetaObjectHandler - 公共字段自动填充[update]...
2025-07-10 09:48:23.743 [http-nio-9511-exec-13] INFO  com.rabbiter.tourism.handle.MyMetaObjectHandler - 公共字段自动填充[update]...
2025-07-10 09:50:52.321 [http-nio-9511-exec-49] INFO  com.rabbiter.tourism.handle.MyMetaObjectHandler - 公共字段自动填充[insert]...
2025-07-10 10:32:36.217 [lettuce-nioEventLoop-4-1] INFO  io.lettuce.core.protocol.CommandHandler - null Unexpected exception during request: java.net.SocketException: Connection reset
java.net.SocketException: Connection reset
	at java.base/sun.nio.ch.SocketChannelImpl.throwConnectionReset(SocketChannelImpl.java:401)
	at java.base/sun.nio.ch.SocketChannelImpl.read(SocketChannelImpl.java:434)
	at io.netty.buffer.PooledByteBuf.setBytes(PooledByteBuf.java:253)
	at io.netty.buffer.AbstractByteBuf.writeBytes(AbstractByteBuf.java:1134)
	at io.netty.channel.socket.nio.NioSocketChannel.doReadBytes(NioSocketChannel.java:350)
	at io.netty.channel.nio.AbstractNioByteChannel$NioByteUnsafe.read(AbstractNioByteChannel.java:151)
	at io.netty.channel.nio.NioEventLoop.processSelectedKey(NioEventLoop.java:719)
	at io.netty.channel.nio.NioEventLoop.processSelectedKeysOptimized(NioEventLoop.java:655)
	at io.netty.channel.nio.NioEventLoop.processSelectedKeys(NioEventLoop.java:581)
	at io.netty.channel.nio.NioEventLoop.run(NioEventLoop.java:493)
	at io.netty.util.concurrent.SingleThreadEventExecutor$4.run(SingleThreadEventExecutor.java:989)
	at io.netty.util.internal.ThreadExecutorMap$2.run(ThreadExecutorMap.java:74)
	at io.netty.util.concurrent.FastThreadLocalRunnable.run(FastThreadLocalRunnable.java:30)
	at java.base/java.lang.Thread.run(Thread.java:1623)
2025-07-10 10:32:36.258 [lettuce-eventExecutorLoop-1-14] INFO  io.lettuce.core.protocol.ConnectionWatchdog - Reconnecting, last destination was /127.0.0.1:6379
2025-07-10 10:32:38.153 [SpringContextShutdownHook] INFO  o.s.scheduling.concurrent.ThreadPoolTaskExecutor - Shutting down ExecutorService 'applicationTaskExecutor'
2025-07-10 10:32:38.155 [SpringContextShutdownHook] INFO  com.alibaba.druid.pool.DruidDataSource - {dataSource-1} closing ...
2025-07-10 10:32:38.156 [SpringContextShutdownHook] INFO  com.alibaba.druid.pool.DruidDataSource - {dataSource-1} closed
