2025-07-09 08:15:28.597 [restartedMain] INFO  com.rabbiter.tourism.TourismManagerApplication - Starting TourismManagerApplication using Java 20.0.2 on iMiLiko with PID 62596 (E:\XiangMuShiXun\project\TourismManagerApi - idea\target\classes started by 11356 in E:\XiangMuShiXun\project\TourismManagerApi - idea)
2025-07-09 08:15:28.602 [restartedMain] INFO  com.rabbiter.tourism.TourismManagerApplication - The following profiles are active: dev
2025-07-09 08:15:28.653 [restartedMain] INFO  o.s.b.d.env.DevToolsPropertyDefaultsPostProcessor - Devtools property defaults active! Set 'spring.devtools.add-properties' to 'false' to disable
2025-07-09 08:15:28.655 [restartedMain] INFO  o.s.b.d.env.DevToolsPropertyDefaultsPostProcessor - For additional web related logging consider setting the 'logging.level.web' property to 'DEBUG'
2025-07-09 08:15:29.367 [restartedMain] INFO  o.s.d.r.config.RepositoryConfigurationDelegate - Multiple Spring Data modules found, entering strict repository configuration mode!
2025-07-09 08:15:29.370 [restartedMain] INFO  o.s.d.r.config.RepositoryConfigurationDelegate - Bootstrapping Spring Data Redis repositories in DEFAULT mode.
2025-07-09 08:15:29.403 [restartedMain] INFO  o.s.d.r.config.RepositoryConfigurationDelegate - Finished Spring Data repository scanning in 21 ms. Found 0 Redis repository interfaces.
2025-07-09 08:15:29.939 [restartedMain] INFO  o.s.boot.web.embedded.tomcat.TomcatWebServer - Tomcat initialized with port(s): 9511 (http)
2025-07-09 08:15:29.947 [restartedMain] INFO  org.apache.coyote.http11.Http11NioProtocol - Initializing ProtocolHandler ["http-nio-9511"]
2025-07-09 08:15:29.947 [restartedMain] INFO  org.apache.catalina.core.StandardService - Starting service [Tomcat]
2025-07-09 08:15:29.948 [restartedMain] INFO  org.apache.catalina.core.StandardEngine - Starting Servlet engine: [Apache Tomcat/9.0.41]
2025-07-09 08:15:29.949 [restartedMain] INFO  org.apache.catalina.core.AprLifecycleListener - Loaded Apache Tomcat Native library [1.2.39] using APR version [1.7.4].
2025-07-09 08:15:29.950 [restartedMain] INFO  org.apache.catalina.core.AprLifecycleListener - APR capabilities: IPv6 [true], sendfile [true], accept filters [false], random [true].
2025-07-09 08:15:29.950 [restartedMain] INFO  org.apache.catalina.core.AprLifecycleListener - APR/OpenSSL configuration: useAprConnector [false], useOpenSSL [true]
2025-07-09 08:15:29.966 [restartedMain] INFO  org.apache.catalina.core.AprLifecycleListener - OpenSSL successfully initialized [OpenSSL 3.0.11 19 Sep 2023]
2025-07-09 08:15:30.083 [restartedMain] INFO  o.a.c.core.ContainerBase.[Tomcat].[localhost].[/] - Initializing Spring embedded WebApplicationContext
2025-07-09 08:15:30.083 [restartedMain] INFO  o.s.b.w.s.c.ServletWebServerApplicationContext - Root WebApplicationContext: initialization completed in 1427 ms
2025-07-09 08:15:30.599 [restartedMain] INFO  c.a.d.s.b.a.DruidDataSourceAutoConfigure - Init DruidDataSource
2025-07-09 08:15:30.997 [restartedMain] INFO  com.alibaba.druid.pool.DruidDataSource - {dataSource-1} inited
2025-07-09 08:15:31.651 [restartedMain] INFO  o.s.scheduling.concurrent.ThreadPoolTaskExecutor - Initializing ExecutorService 'applicationTaskExecutor'
2025-07-09 08:15:31.859 [restartedMain] INFO  o.s.b.d.autoconfigure.OptionalLiveReloadServer - LiveReload server is running on port 35729
2025-07-09 08:15:31.885 [restartedMain] INFO  org.apache.coyote.http11.Http11NioProtocol - Starting ProtocolHandler ["http-nio-9511"]
2025-07-09 08:15:31.911 [restartedMain] INFO  o.s.boot.web.embedded.tomcat.TomcatWebServer - Tomcat started on port(s): 9511 (http) with context path ''
2025-07-09 08:15:31.917 [restartedMain] INFO  com.rabbiter.tourism.TourismManagerApplication - Started TourismManagerApplication in 3.764 seconds (JVM running for 5.124)
2025-07-09 08:23:46.232 [http-nio-9511-exec-1] INFO  o.a.c.core.ContainerBase.[Tomcat].[localhost].[/] - Initializing Spring DispatcherServlet 'dispatcherServlet'
2025-07-09 08:23:46.232 [http-nio-9511-exec-1] INFO  org.springframework.web.servlet.DispatcherServlet - Initializing Servlet 'dispatcherServlet'
2025-07-09 08:23:46.233 [http-nio-9511-exec-1] INFO  org.springframework.web.servlet.DispatcherServlet - Completed initialization in 1 ms
2025-07-09 08:39:26.587 [http-nio-9511-exec-19] INFO  com.rabbiter.tourism.handle.MyMetaObjectHandler - 公共字段自动填充[update]...
2025-07-09 08:45:29.618 [SpringContextShutdownHook] INFO  o.s.scheduling.concurrent.ThreadPoolTaskExecutor - Shutting down ExecutorService 'applicationTaskExecutor'
2025-07-09 08:45:29.620 [SpringContextShutdownHook] INFO  com.alibaba.druid.pool.DruidDataSource - {dataSource-1} closing ...
2025-07-09 08:45:29.622 [SpringContextShutdownHook] INFO  com.alibaba.druid.pool.DruidDataSource - {dataSource-1} closed
2025-07-09 08:45:46.487 [restartedMain] INFO  com.rabbiter.tourism.TourismManagerApplication - Starting TourismManagerApplication using Java 20.0.2 on iMiLiko with PID 47640 (E:\XiangMuShiXun\project\TourismManagerApi - idea\target\classes started by 11356 in E:\XiangMuShiXun\project\TourismManagerApi - idea)
2025-07-09 08:45:46.490 [restartedMain] INFO  com.rabbiter.tourism.TourismManagerApplication - The following profiles are active: dev
2025-07-09 08:45:46.527 [restartedMain] INFO  o.s.b.d.env.DevToolsPropertyDefaultsPostProcessor - Devtools property defaults active! Set 'spring.devtools.add-properties' to 'false' to disable
2025-07-09 08:45:46.529 [restartedMain] INFO  o.s.b.d.env.DevToolsPropertyDefaultsPostProcessor - For additional web related logging consider setting the 'logging.level.web' property to 'DEBUG'
2025-07-09 08:45:47.014 [restartedMain] INFO  o.s.d.r.config.RepositoryConfigurationDelegate - Multiple Spring Data modules found, entering strict repository configuration mode!
2025-07-09 08:45:47.017 [restartedMain] INFO  o.s.d.r.config.RepositoryConfigurationDelegate - Bootstrapping Spring Data Redis repositories in DEFAULT mode.
2025-07-09 08:45:47.050 [restartedMain] INFO  o.s.d.r.config.RepositoryConfigurationDelegate - Finished Spring Data repository scanning in 23 ms. Found 0 Redis repository interfaces.
2025-07-09 08:45:47.521 [restartedMain] INFO  o.s.boot.web.embedded.tomcat.TomcatWebServer - Tomcat initialized with port(s): 9511 (http)
2025-07-09 08:45:47.531 [restartedMain] INFO  org.apache.coyote.http11.Http11NioProtocol - Initializing ProtocolHandler ["http-nio-9511"]
2025-07-09 08:45:47.531 [restartedMain] INFO  org.apache.catalina.core.StandardService - Starting service [Tomcat]
2025-07-09 08:45:47.531 [restartedMain] INFO  org.apache.catalina.core.StandardEngine - Starting Servlet engine: [Apache Tomcat/9.0.41]
2025-07-09 08:45:47.531 [restartedMain] INFO  org.apache.catalina.core.AprLifecycleListener - Loaded Apache Tomcat Native library [1.2.39] using APR version [1.7.4].
2025-07-09 08:45:47.534 [restartedMain] INFO  org.apache.catalina.core.AprLifecycleListener - APR capabilities: IPv6 [true], sendfile [true], accept filters [false], random [true].
2025-07-09 08:45:47.534 [restartedMain] INFO  org.apache.catalina.core.AprLifecycleListener - APR/OpenSSL configuration: useAprConnector [false], useOpenSSL [true]
2025-07-09 08:45:47.538 [restartedMain] INFO  org.apache.catalina.core.AprLifecycleListener - OpenSSL successfully initialized [OpenSSL 3.0.11 19 Sep 2023]
2025-07-09 08:45:47.658 [restartedMain] INFO  o.a.c.core.ContainerBase.[Tomcat].[localhost].[/] - Initializing Spring embedded WebApplicationContext
2025-07-09 08:45:47.658 [restartedMain] INFO  o.s.b.w.s.c.ServletWebServerApplicationContext - Root WebApplicationContext: initialization completed in 1129 ms
2025-07-09 08:45:48.194 [restartedMain] INFO  c.a.d.s.b.a.DruidDataSourceAutoConfigure - Init DruidDataSource
2025-07-09 08:45:48.766 [restartedMain] INFO  com.alibaba.druid.pool.DruidDataSource - {dataSource-1} inited
2025-07-09 08:45:49.467 [restartedMain] INFO  o.s.scheduling.concurrent.ThreadPoolTaskExecutor - Initializing ExecutorService 'applicationTaskExecutor'
2025-07-09 08:45:49.674 [restartedMain] INFO  o.s.b.d.autoconfigure.OptionalLiveReloadServer - LiveReload server is running on port 35729
2025-07-09 08:45:49.706 [restartedMain] INFO  org.apache.coyote.http11.Http11NioProtocol - Starting ProtocolHandler ["http-nio-9511"]
2025-07-09 08:45:49.736 [restartedMain] INFO  o.s.boot.web.embedded.tomcat.TomcatWebServer - Tomcat started on port(s): 9511 (http) with context path ''
2025-07-09 08:45:49.742 [restartedMain] INFO  com.rabbiter.tourism.TourismManagerApplication - Started TourismManagerApplication in 3.598 seconds (JVM running for 4.389)
2025-07-09 08:45:53.806 [http-nio-9511-exec-2] INFO  o.a.c.core.ContainerBase.[Tomcat].[localhost].[/] - Initializing Spring DispatcherServlet 'dispatcherServlet'
2025-07-09 08:45:53.806 [http-nio-9511-exec-2] INFO  org.springframework.web.servlet.DispatcherServlet - Initializing Servlet 'dispatcherServlet'
2025-07-09 08:45:53.808 [http-nio-9511-exec-2] INFO  org.springframework.web.servlet.DispatcherServlet - Completed initialization in 1 ms
2025-07-09 08:46:26.988 [SpringContextShutdownHook] INFO  o.s.scheduling.concurrent.ThreadPoolTaskExecutor - Shutting down ExecutorService 'applicationTaskExecutor'
2025-07-09 08:46:26.991 [SpringContextShutdownHook] INFO  com.alibaba.druid.pool.DruidDataSource - {dataSource-1} closing ...
2025-07-09 08:46:26.997 [SpringContextShutdownHook] INFO  com.alibaba.druid.pool.DruidDataSource - {dataSource-1} closed
2025-07-09 08:46:33.414 [restartedMain] INFO  com.rabbiter.tourism.TourismManagerApplication - Starting TourismManagerApplication using Java 20.0.2 on iMiLiko with PID 64780 (E:\XiangMuShiXun\project\TourismManagerApi - idea\target\classes started by 11356 in E:\XiangMuShiXun\project\TourismManagerApi - idea)
2025-07-09 08:46:33.415 [restartedMain] INFO  com.rabbiter.tourism.TourismManagerApplication - The following profiles are active: dev
2025-07-09 08:46:33.452 [restartedMain] INFO  o.s.b.d.env.DevToolsPropertyDefaultsPostProcessor - Devtools property defaults active! Set 'spring.devtools.add-properties' to 'false' to disable
2025-07-09 08:46:33.452 [restartedMain] INFO  o.s.b.d.env.DevToolsPropertyDefaultsPostProcessor - For additional web related logging consider setting the 'logging.level.web' property to 'DEBUG'
2025-07-09 08:46:33.916 [restartedMain] INFO  o.s.d.r.config.RepositoryConfigurationDelegate - Multiple Spring Data modules found, entering strict repository configuration mode!
2025-07-09 08:46:33.917 [restartedMain] INFO  o.s.d.r.config.RepositoryConfigurationDelegate - Bootstrapping Spring Data Redis repositories in DEFAULT mode.
2025-07-09 08:46:33.946 [restartedMain] INFO  o.s.d.r.config.RepositoryConfigurationDelegate - Finished Spring Data repository scanning in 20 ms. Found 0 Redis repository interfaces.
2025-07-09 08:46:34.395 [restartedMain] INFO  o.s.boot.web.embedded.tomcat.TomcatWebServer - Tomcat initialized with port(s): 9511 (http)
2025-07-09 08:46:34.402 [restartedMain] INFO  org.apache.coyote.http11.Http11NioProtocol - Initializing ProtocolHandler ["http-nio-9511"]
2025-07-09 08:46:34.402 [restartedMain] INFO  org.apache.catalina.core.StandardService - Starting service [Tomcat]
2025-07-09 08:46:34.403 [restartedMain] INFO  org.apache.catalina.core.StandardEngine - Starting Servlet engine: [Apache Tomcat/9.0.41]
2025-07-09 08:46:34.403 [restartedMain] INFO  org.apache.catalina.core.AprLifecycleListener - Loaded Apache Tomcat Native library [1.2.39] using APR version [1.7.4].
2025-07-09 08:46:34.403 [restartedMain] INFO  org.apache.catalina.core.AprLifecycleListener - APR capabilities: IPv6 [true], sendfile [true], accept filters [false], random [true].
2025-07-09 08:46:34.403 [restartedMain] INFO  org.apache.catalina.core.AprLifecycleListener - APR/OpenSSL configuration: useAprConnector [false], useOpenSSL [true]
2025-07-09 08:46:34.409 [restartedMain] INFO  org.apache.catalina.core.AprLifecycleListener - OpenSSL successfully initialized [OpenSSL 3.0.11 19 Sep 2023]
2025-07-09 08:46:34.535 [restartedMain] INFO  o.a.c.core.ContainerBase.[Tomcat].[localhost].[/] - Initializing Spring embedded WebApplicationContext
2025-07-09 08:46:34.535 [restartedMain] INFO  o.s.b.w.s.c.ServletWebServerApplicationContext - Root WebApplicationContext: initialization completed in 1083 ms
2025-07-09 08:46:35.038 [restartedMain] INFO  c.a.d.s.b.a.DruidDataSourceAutoConfigure - Init DruidDataSource
2025-07-09 08:46:35.490 [restartedMain] INFO  com.alibaba.druid.pool.DruidDataSource - {dataSource-1} inited
2025-07-09 08:46:36.117 [restartedMain] INFO  o.s.scheduling.concurrent.ThreadPoolTaskExecutor - Initializing ExecutorService 'applicationTaskExecutor'
2025-07-09 08:46:36.342 [restartedMain] INFO  o.s.b.d.autoconfigure.OptionalLiveReloadServer - LiveReload server is running on port 35729
2025-07-09 08:46:36.373 [restartedMain] INFO  org.apache.coyote.http11.Http11NioProtocol - Starting ProtocolHandler ["http-nio-9511"]
2025-07-09 08:46:36.400 [restartedMain] INFO  o.s.boot.web.embedded.tomcat.TomcatWebServer - Tomcat started on port(s): 9511 (http) with context path ''
2025-07-09 08:46:36.406 [restartedMain] INFO  com.rabbiter.tourism.TourismManagerApplication - Started TourismManagerApplication in 3.316 seconds (JVM running for 4.052)
2025-07-09 08:46:41.976 [http-nio-9511-exec-1] INFO  o.a.c.core.ContainerBase.[Tomcat].[localhost].[/] - Initializing Spring DispatcherServlet 'dispatcherServlet'
2025-07-09 08:46:41.976 [http-nio-9511-exec-1] INFO  org.springframework.web.servlet.DispatcherServlet - Initializing Servlet 'dispatcherServlet'
2025-07-09 08:46:41.977 [http-nio-9511-exec-1] INFO  org.springframework.web.servlet.DispatcherServlet - Completed initialization in 1 ms
2025-07-09 10:20:12.476 [http-nio-9511-exec-23] INFO  com.rabbiter.tourism.handle.MyMetaObjectHandler - 公共字段自动填充[update]...
2025-07-09 10:22:28.228 [http-nio-9511-exec-44] INFO  com.rabbiter.tourism.handle.MyMetaObjectHandler - 公共字段自动填充[insert]...
2025-07-09 10:22:48.229 [http-nio-9511-exec-60] INFO  com.rabbiter.tourism.handle.MyMetaObjectHandler - 公共字段自动填充[update]...
2025-07-09 10:24:02.228 [http-nio-9511-exec-70] INFO  com.rabbiter.tourism.handle.MyMetaObjectHandler - 公共字段自动填充[update]...
2025-07-09 10:24:06.194 [http-nio-9511-exec-72] INFO  com.rabbiter.tourism.handle.MyMetaObjectHandler - 公共字段自动填充[update]...
2025-07-09 10:39:39.171 [http-nio-9511-exec-67] INFO  com.rabbiter.tourism.handle.MyMetaObjectHandler - 公共字段自动填充[update]...
2025-07-09 10:39:43.553 [http-nio-9511-exec-76] INFO  com.rabbiter.tourism.handle.MyMetaObjectHandler - 公共字段自动填充[update]...
2025-07-09 10:56:58.585 [http-nio-9511-exec-72] INFO  com.rabbiter.tourism.handle.MyMetaObjectHandler - 公共字段自动填充[update]...
2025-07-09 10:56:58.591 [http-nio-9511-exec-72] INFO  com.rabbiter.tourism.handle.MyMetaObjectHandler - 公共字段自动填充[insert]...
2025-07-09 11:06:11.064 [http-nio-9511-exec-89] INFO  com.rabbiter.tourism.handle.MyMetaObjectHandler - 公共字段自动填充[update]...
2025-07-09 11:06:11.079 [http-nio-9511-exec-89] INFO  com.rabbiter.tourism.handle.MyMetaObjectHandler - 公共字段自动填充[insert]...
2025-07-09 11:10:51.183 [http-nio-9511-exec-35] INFO  com.rabbiter.tourism.handle.MyMetaObjectHandler - 公共字段自动填充[update]...
2025-07-09 11:10:51.197 [http-nio-9511-exec-35] INFO  com.rabbiter.tourism.handle.MyMetaObjectHandler - 公共字段自动填充[insert]...
2025-07-09 11:11:11.177 [http-nio-9511-exec-46] INFO  com.rabbiter.tourism.handle.MyMetaObjectHandler - 公共字段自动填充[update]...
2025-07-09 11:15:00.028 [http-nio-9511-exec-70] INFO  com.rabbiter.tourism.handle.MyMetaObjectHandler - 公共字段自动填充[insert]...
2025-07-09 11:25:06.501 [http-nio-9511-exec-44] INFO  com.rabbiter.tourism.handle.MyMetaObjectHandler - 公共字段自动填充[update]...
2025-07-09 11:25:06.511 [http-nio-9511-exec-44] INFO  com.rabbiter.tourism.handle.MyMetaObjectHandler - 公共字段自动填充[insert]...
2025-07-09 11:28:03.437 [SpringContextShutdownHook] INFO  o.s.scheduling.concurrent.ThreadPoolTaskExecutor - Shutting down ExecutorService 'applicationTaskExecutor'
2025-07-09 11:28:03.438 [SpringContextShutdownHook] INFO  com.alibaba.druid.pool.DruidDataSource - {dataSource-1} closing ...
2025-07-09 11:28:03.440 [SpringContextShutdownHook] INFO  com.alibaba.druid.pool.DruidDataSource - {dataSource-1} closed
2025-07-09 21:08:42.283 [restartedMain] INFO  com.rabbiter.tourism.TourismManagerApplication - Starting TourismManagerApplication using Java 20.0.2 on iMiLiko with PID 44560 (E:\XiangMuShiXun\project\TourismManagerApi - idea\target\classes started by 11356 in E:\XiangMuShiXun\project\TourismManagerApi - idea)
2025-07-09 21:08:42.286 [restartedMain] INFO  com.rabbiter.tourism.TourismManagerApplication - The following profiles are active: dev
2025-07-09 21:08:42.326 [restartedMain] INFO  o.s.b.d.env.DevToolsPropertyDefaultsPostProcessor - Devtools property defaults active! Set 'spring.devtools.add-properties' to 'false' to disable
2025-07-09 21:08:42.326 [restartedMain] INFO  o.s.b.d.env.DevToolsPropertyDefaultsPostProcessor - For additional web related logging consider setting the 'logging.level.web' property to 'DEBUG'
2025-07-09 21:08:42.844 [restartedMain] INFO  o.s.d.r.config.RepositoryConfigurationDelegate - Multiple Spring Data modules found, entering strict repository configuration mode!
2025-07-09 21:08:42.849 [restartedMain] INFO  o.s.d.r.config.RepositoryConfigurationDelegate - Bootstrapping Spring Data Redis repositories in DEFAULT mode.
2025-07-09 21:08:42.880 [restartedMain] INFO  o.s.d.r.config.RepositoryConfigurationDelegate - Finished Spring Data repository scanning in 21 ms. Found 0 Redis repository interfaces.
2025-07-09 21:08:43.385 [restartedMain] INFO  o.s.boot.web.embedded.tomcat.TomcatWebServer - Tomcat initialized with port(s): 9511 (http)
2025-07-09 21:08:43.393 [restartedMain] INFO  org.apache.coyote.http11.Http11NioProtocol - Initializing ProtocolHandler ["http-nio-9511"]
2025-07-09 21:08:43.393 [restartedMain] INFO  org.apache.catalina.core.StandardService - Starting service [Tomcat]
2025-07-09 21:08:43.393 [restartedMain] INFO  org.apache.catalina.core.StandardEngine - Starting Servlet engine: [Apache Tomcat/9.0.41]
2025-07-09 21:08:43.396 [restartedMain] INFO  org.apache.catalina.core.AprLifecycleListener - Loaded Apache Tomcat Native library [1.2.39] using APR version [1.7.4].
2025-07-09 21:08:43.396 [restartedMain] INFO  org.apache.catalina.core.AprLifecycleListener - APR capabilities: IPv6 [true], sendfile [true], accept filters [false], random [true].
2025-07-09 21:08:43.396 [restartedMain] INFO  org.apache.catalina.core.AprLifecycleListener - APR/OpenSSL configuration: useAprConnector [false], useOpenSSL [true]
2025-07-09 21:08:43.402 [restartedMain] INFO  org.apache.catalina.core.AprLifecycleListener - OpenSSL successfully initialized [OpenSSL 3.0.11 19 Sep 2023]
2025-07-09 21:08:43.515 [restartedMain] INFO  o.a.c.core.ContainerBase.[Tomcat].[localhost].[/] - Initializing Spring embedded WebApplicationContext
2025-07-09 21:08:43.515 [restartedMain] INFO  o.s.b.w.s.c.ServletWebServerApplicationContext - Root WebApplicationContext: initialization completed in 1189 ms
2025-07-09 21:08:43.969 [restartedMain] INFO  c.a.d.s.b.a.DruidDataSourceAutoConfigure - Init DruidDataSource
2025-07-09 21:08:44.430 [restartedMain] INFO  com.alibaba.druid.pool.DruidDataSource - {dataSource-1} inited
2025-07-09 21:08:45.046 [restartedMain] INFO  o.s.scheduling.concurrent.ThreadPoolTaskExecutor - Initializing ExecutorService 'applicationTaskExecutor'
2025-07-09 21:08:45.254 [restartedMain] INFO  o.s.b.d.autoconfigure.OptionalLiveReloadServer - LiveReload server is running on port 35729
2025-07-09 21:08:45.281 [restartedMain] INFO  org.apache.coyote.http11.Http11NioProtocol - Starting ProtocolHandler ["http-nio-9511"]
2025-07-09 21:08:45.306 [restartedMain] INFO  o.s.boot.web.embedded.tomcat.TomcatWebServer - Tomcat started on port(s): 9511 (http) with context path ''
2025-07-09 21:08:45.313 [restartedMain] INFO  com.rabbiter.tourism.TourismManagerApplication - Started TourismManagerApplication in 3.393 seconds (JVM running for 4.234)
2025-07-09 21:28:35.549 [SpringContextShutdownHook] INFO  o.s.scheduling.concurrent.ThreadPoolTaskExecutor - Shutting down ExecutorService 'applicationTaskExecutor'
2025-07-09 21:28:35.550 [SpringContextShutdownHook] INFO  com.alibaba.druid.pool.DruidDataSource - {dataSource-1} closing ...
2025-07-09 21:28:35.551 [SpringContextShutdownHook] INFO  com.alibaba.druid.pool.DruidDataSource - {dataSource-1} closed
