2025-07-08 15:29:06.706 [restartedMain] INFO  com.rabbiter.tourism.TourismManagerApplication - Starting TourismManagerApplication using Java 20.0.2 on iMiLiko with PID 68620 (E:\XiangMuShiXun\project\TourismManagerApi - idea\target\classes started by 11356 in E:\XiangMuShiXun\project\TourismManagerApi - idea)
2025-07-08 15:29:06.715 [restartedMain] INFO  com.rabbiter.tourism.TourismManagerApplication - The following profiles are active: dev
2025-07-08 15:29:06.777 [restartedMain] INFO  o.s.b.d.env.DevToolsPropertyDefaultsPostProcessor - Devtools property defaults active! Set 'spring.devtools.add-properties' to 'false' to disable
2025-07-08 15:29:06.777 [restartedMain] INFO  o.s.b.d.env.DevToolsPropertyDefaultsPostProcessor - For additional web related logging consider setting the 'logging.level.web' property to 'DEBUG'
2025-07-08 15:29:07.280 [restartedMain] INFO  o.s.d.r.config.RepositoryConfigurationDelegate - Multiple Spring Data modules found, entering strict repository configuration mode!
2025-07-08 15:29:07.282 [restartedMain] INFO  o.s.d.r.config.RepositoryConfigurationDelegate - Bootstrapping Spring Data Redis repositories in DEFAULT mode.
2025-07-08 15:29:07.314 [restartedMain] INFO  o.s.d.r.config.RepositoryConfigurationDelegate - Finished Spring Data repository scanning in 20 ms. Found 0 Redis repository interfaces.
2025-07-08 15:29:07.774 [restartedMain] INFO  o.s.boot.web.embedded.tomcat.TomcatWebServer - Tomcat initialized with port(s): 9511 (http)
2025-07-08 15:29:07.782 [restartedMain] INFO  org.apache.coyote.http11.Http11NioProtocol - Initializing ProtocolHandler ["http-nio-9511"]
2025-07-08 15:29:07.782 [restartedMain] INFO  org.apache.catalina.core.StandardService - Starting service [Tomcat]
2025-07-08 15:29:07.782 [restartedMain] INFO  org.apache.catalina.core.StandardEngine - Starting Servlet engine: [Apache Tomcat/9.0.41]
2025-07-08 15:29:07.784 [restartedMain] INFO  org.apache.catalina.core.AprLifecycleListener - Loaded Apache Tomcat Native library [1.2.39] using APR version [1.7.4].
2025-07-08 15:29:07.784 [restartedMain] INFO  org.apache.catalina.core.AprLifecycleListener - APR capabilities: IPv6 [true], sendfile [true], accept filters [false], random [true].
2025-07-08 15:29:07.784 [restartedMain] INFO  org.apache.catalina.core.AprLifecycleListener - APR/OpenSSL configuration: useAprConnector [false], useOpenSSL [true]
2025-07-08 15:29:07.802 [restartedMain] INFO  org.apache.catalina.core.AprLifecycleListener - OpenSSL successfully initialized [OpenSSL 3.0.11 19 Sep 2023]
2025-07-08 15:29:07.910 [restartedMain] INFO  o.a.c.core.ContainerBase.[Tomcat].[localhost].[/] - Initializing Spring embedded WebApplicationContext
2025-07-08 15:29:07.910 [restartedMain] INFO  o.s.b.w.s.c.ServletWebServerApplicationContext - Root WebApplicationContext: initialization completed in 1132 ms
2025-07-08 15:29:08.458 [restartedMain] INFO  c.a.d.s.b.a.DruidDataSourceAutoConfigure - Init DruidDataSource
2025-07-08 15:29:08.800 [restartedMain] INFO  com.alibaba.druid.pool.DruidDataSource - {dataSource-1} inited
2025-07-08 15:29:09.434 [restartedMain] INFO  o.s.scheduling.concurrent.ThreadPoolTaskExecutor - Initializing ExecutorService 'applicationTaskExecutor'
2025-07-08 15:29:09.644 [restartedMain] INFO  o.s.b.d.autoconfigure.OptionalLiveReloadServer - LiveReload server is running on port 35729
2025-07-08 15:29:09.671 [restartedMain] INFO  org.apache.coyote.http11.Http11NioProtocol - Starting ProtocolHandler ["http-nio-9511"]
2025-07-08 15:29:09.698 [restartedMain] INFO  o.s.boot.web.embedded.tomcat.TomcatWebServer - Tomcat started on port(s): 9511 (http) with context path ''
2025-07-08 15:29:09.704 [restartedMain] INFO  com.rabbiter.tourism.TourismManagerApplication - Started TourismManagerApplication in 3.43 seconds (JVM running for 4.417)
2025-07-08 15:29:18.444 [Thread-5] INFO  o.s.scheduling.concurrent.ThreadPoolTaskExecutor - Shutting down ExecutorService 'applicationTaskExecutor'
2025-07-08 15:29:18.447 [Thread-5] INFO  com.alibaba.druid.pool.DruidDataSource - {dataSource-1} closing ...
2025-07-08 15:29:18.454 [Thread-5] INFO  com.alibaba.druid.pool.DruidDataSource - {dataSource-1} closed
2025-07-08 15:29:18.576 [restartedMain] INFO  com.rabbiter.tourism.TourismManagerApplication - Starting TourismManagerApplication using Java 20.0.2 on iMiLiko with PID 68620 (E:\XiangMuShiXun\project\TourismManagerApi - idea\target\classes started by 11356 in E:\XiangMuShiXun\project\TourismManagerApi - idea)
2025-07-08 15:29:18.576 [restartedMain] INFO  com.rabbiter.tourism.TourismManagerApplication - The following profiles are active: dev
2025-07-08 15:29:18.776 [restartedMain] INFO  o.s.d.r.config.RepositoryConfigurationDelegate - Multiple Spring Data modules found, entering strict repository configuration mode!
2025-07-08 15:29:18.776 [restartedMain] INFO  o.s.d.r.config.RepositoryConfigurationDelegate - Bootstrapping Spring Data Redis repositories in DEFAULT mode.
2025-07-08 15:29:18.777 [restartedMain] INFO  o.s.d.r.config.RepositoryConfigurationDelegate - Finished Spring Data repository scanning in 0 ms. Found 0 Redis repository interfaces.
2025-07-08 15:29:18.918 [restartedMain] INFO  o.s.boot.web.embedded.tomcat.TomcatWebServer - Tomcat initialized with port(s): 9511 (http)
2025-07-08 15:29:18.919 [restartedMain] INFO  org.apache.coyote.http11.Http11NioProtocol - Initializing ProtocolHandler ["http-nio-9511"]
2025-07-08 15:29:18.920 [restartedMain] INFO  org.apache.catalina.core.StandardService - Starting service [Tomcat]
2025-07-08 15:29:18.920 [restartedMain] INFO  org.apache.catalina.core.StandardEngine - Starting Servlet engine: [Apache Tomcat/9.0.41]
2025-07-08 15:29:18.920 [restartedMain] INFO  org.apache.catalina.core.AprLifecycleListener - Loaded Apache Tomcat Native library [1.2.39] using APR version [1.7.4].
2025-07-08 15:29:18.921 [restartedMain] INFO  org.apache.catalina.core.AprLifecycleListener - APR capabilities: IPv6 [true], sendfile [true], accept filters [false], random [true].
2025-07-08 15:29:18.921 [restartedMain] INFO  org.apache.catalina.core.AprLifecycleListener - APR/OpenSSL configuration: useAprConnector [false], useOpenSSL [true]
2025-07-08 15:29:18.923 [restartedMain] INFO  org.apache.catalina.core.AprLifecycleListener - OpenSSL successfully initialized [OpenSSL 3.0.11 19 Sep 2023]
2025-07-08 15:29:19.008 [restartedMain] INFO  o.a.c.core.ContainerBase.[Tomcat].[localhost].[/] - Initializing Spring embedded WebApplicationContext
2025-07-08 15:29:19.009 [restartedMain] INFO  o.s.b.w.s.c.ServletWebServerApplicationContext - Root WebApplicationContext: initialization completed in 430 ms
2025-07-08 15:29:19.087 [restartedMain] INFO  o.s.scheduling.concurrent.ThreadPoolTaskExecutor - Initializing ExecutorService 'applicationTaskExecutor'
2025-07-08 15:29:19.141 [restartedMain] INFO  c.a.d.s.b.a.DruidDataSourceAutoConfigure - Init DruidDataSource
2025-07-08 15:29:19.260 [restartedMain] INFO  com.alibaba.druid.pool.DruidDataSource - {dataSource-2} inited
2025-07-08 15:29:19.363 [restartedMain] INFO  com.alibaba.druid.pool.DruidDataSource - {dataSource-2} closing ...
2025-07-08 15:29:19.364 [restartedMain] INFO  com.alibaba.druid.pool.DruidDataSource - {dataSource-2} closed
2025-07-08 15:29:19.365 [restartedMain] INFO  o.s.scheduling.concurrent.ThreadPoolTaskExecutor - Shutting down ExecutorService 'applicationTaskExecutor'
2025-07-08 15:29:19.366 [restartedMain] INFO  org.apache.catalina.core.StandardService - Stopping service [Tomcat]
2025-07-08 15:29:19.374 [restartedMain] INFO  o.s.b.a.l.ConditionEvaluationReportLoggingListener - 

Error starting ApplicationContext. To display the conditions report re-run your application with 'debug' enabled.
2025-07-08 15:29:25.836 [restartedMain] INFO  com.rabbiter.tourism.TourismManagerApplication - Starting TourismManagerApplication using Java 20.0.2 on iMiLiko with PID 68620 (E:\XiangMuShiXun\project\TourismManagerApi - idea\target\classes started by 11356 in E:\XiangMuShiXun\project\TourismManagerApi - idea)
2025-07-08 15:29:25.836 [restartedMain] INFO  com.rabbiter.tourism.TourismManagerApplication - The following profiles are active: dev
2025-07-08 15:29:26.140 [restartedMain] INFO  o.s.d.r.config.RepositoryConfigurationDelegate - Multiple Spring Data modules found, entering strict repository configuration mode!
2025-07-08 15:29:26.142 [restartedMain] INFO  o.s.d.r.config.RepositoryConfigurationDelegate - Bootstrapping Spring Data Redis repositories in DEFAULT mode.
2025-07-08 15:29:26.166 [restartedMain] INFO  o.s.d.r.config.RepositoryConfigurationDelegate - Finished Spring Data repository scanning in 23 ms. Found 0 Redis repository interfaces.
2025-07-08 15:29:26.295 [restartedMain] INFO  o.s.boot.web.embedded.tomcat.TomcatWebServer - Tomcat initialized with port(s): 9511 (http)
2025-07-08 15:29:26.296 [restartedMain] INFO  org.apache.coyote.http11.Http11NioProtocol - Initializing ProtocolHandler ["http-nio-9511"]
2025-07-08 15:29:26.296 [restartedMain] INFO  org.apache.catalina.core.StandardService - Starting service [Tomcat]
2025-07-08 15:29:26.297 [restartedMain] INFO  org.apache.catalina.core.StandardEngine - Starting Servlet engine: [Apache Tomcat/9.0.41]
2025-07-08 15:29:26.297 [restartedMain] INFO  org.apache.catalina.core.AprLifecycleListener - Loaded Apache Tomcat Native library [1.2.39] using APR version [1.7.4].
2025-07-08 15:29:26.297 [restartedMain] INFO  org.apache.catalina.core.AprLifecycleListener - APR capabilities: IPv6 [true], sendfile [true], accept filters [false], random [true].
2025-07-08 15:29:26.297 [restartedMain] INFO  org.apache.catalina.core.AprLifecycleListener - APR/OpenSSL configuration: useAprConnector [false], useOpenSSL [true]
2025-07-08 15:29:26.299 [restartedMain] INFO  org.apache.catalina.core.AprLifecycleListener - OpenSSL successfully initialized [OpenSSL 3.0.11 19 Sep 2023]
2025-07-08 15:29:26.392 [restartedMain] INFO  o.a.c.c.ContainerBase.[Tomcat-1].[localhost].[/] - Initializing Spring embedded WebApplicationContext
2025-07-08 15:29:26.392 [restartedMain] INFO  o.s.b.w.s.c.ServletWebServerApplicationContext - Root WebApplicationContext: initialization completed in 552 ms
2025-07-08 15:29:26.843 [restartedMain] INFO  c.a.d.s.b.a.DruidDataSourceAutoConfigure - Init DruidDataSource
2025-07-08 15:29:26.937 [restartedMain] INFO  com.alibaba.druid.pool.DruidDataSource - {dataSource-3} inited
2025-07-08 15:29:27.490 [restartedMain] INFO  o.s.scheduling.concurrent.ThreadPoolTaskExecutor - Initializing ExecutorService 'applicationTaskExecutor'
2025-07-08 15:29:27.563 [restartedMain] INFO  o.s.b.d.autoconfigure.OptionalLiveReloadServer - LiveReload server is running on port 35729
2025-07-08 15:29:27.600 [restartedMain] INFO  org.apache.coyote.http11.Http11NioProtocol - Starting ProtocolHandler ["http-nio-9511"]
2025-07-08 15:29:27.619 [restartedMain] INFO  o.s.boot.web.embedded.tomcat.TomcatWebServer - Tomcat started on port(s): 9511 (http) with context path ''
2025-07-08 15:29:27.621 [restartedMain] INFO  com.rabbiter.tourism.TourismManagerApplication - Started TourismManagerApplication in 1.858 seconds (JVM running for 22.334)
2025-07-08 15:29:27.624 [restartedMain] INFO  o.s.b.d.a.ConditionEvaluationDeltaLoggingListener - Condition evaluation unchanged
2025-07-08 15:37:47.551 [http-nio-9511-exec-1] INFO  o.a.c.c.ContainerBase.[Tomcat-1].[localhost].[/] - Initializing Spring DispatcherServlet 'dispatcherServlet'
2025-07-08 15:37:47.552 [http-nio-9511-exec-1] INFO  org.springframework.web.servlet.DispatcherServlet - Initializing Servlet 'dispatcherServlet'
2025-07-08 15:37:47.554 [http-nio-9511-exec-1] INFO  org.springframework.web.servlet.DispatcherServlet - Completed initialization in 2 ms
2025-07-08 15:43:12.231 [http-nio-9511-exec-36] INFO  com.rabbiter.tourism.handle.MyMetaObjectHandler - 公共字段自动填充[update]...
2025-07-08 15:43:12.254 [http-nio-9511-exec-36] INFO  com.rabbiter.tourism.handle.MyMetaObjectHandler - 公共字段自动填充[insert]...
2025-07-08 15:52:53.391 [SpringContextShutdownHook] INFO  o.s.scheduling.concurrent.ThreadPoolTaskExecutor - Shutting down ExecutorService 'applicationTaskExecutor'
2025-07-08 15:52:53.393 [SpringContextShutdownHook] INFO  com.alibaba.druid.pool.DruidDataSource - {dataSource-3} closing ...
2025-07-08 15:52:53.394 [SpringContextShutdownHook] INFO  com.alibaba.druid.pool.DruidDataSource - {dataSource-3} closed
2025-07-08 15:52:58.374 [restartedMain] INFO  com.rabbiter.tourism.TourismManagerApplication - Starting TourismManagerApplication using Java 20.0.2 on iMiLiko with PID 75100 (E:\XiangMuShiXun\project\TourismManagerApi - idea\target\classes started by 11356 in E:\XiangMuShiXun\project\TourismManagerApi - idea)
2025-07-08 15:52:58.375 [restartedMain] INFO  com.rabbiter.tourism.TourismManagerApplication - The following profiles are active: dev
2025-07-08 15:52:58.416 [restartedMain] INFO  o.s.b.d.env.DevToolsPropertyDefaultsPostProcessor - Devtools property defaults active! Set 'spring.devtools.add-properties' to 'false' to disable
2025-07-08 15:52:58.416 [restartedMain] INFO  o.s.b.d.env.DevToolsPropertyDefaultsPostProcessor - For additional web related logging consider setting the 'logging.level.web' property to 'DEBUG'
2025-07-08 15:52:58.901 [restartedMain] INFO  o.s.d.r.config.RepositoryConfigurationDelegate - Multiple Spring Data modules found, entering strict repository configuration mode!
2025-07-08 15:52:58.902 [restartedMain] INFO  o.s.d.r.config.RepositoryConfigurationDelegate - Bootstrapping Spring Data Redis repositories in DEFAULT mode.
2025-07-08 15:52:58.929 [restartedMain] INFO  o.s.d.r.config.RepositoryConfigurationDelegate - Finished Spring Data repository scanning in 19 ms. Found 0 Redis repository interfaces.
2025-07-08 15:52:59.386 [restartedMain] INFO  o.s.boot.web.embedded.tomcat.TomcatWebServer - Tomcat initialized with port(s): 9511 (http)
2025-07-08 15:52:59.393 [restartedMain] INFO  org.apache.coyote.http11.Http11NioProtocol - Initializing ProtocolHandler ["http-nio-9511"]
2025-07-08 15:52:59.393 [restartedMain] INFO  org.apache.catalina.core.StandardService - Starting service [Tomcat]
2025-07-08 15:52:59.393 [restartedMain] INFO  org.apache.catalina.core.StandardEngine - Starting Servlet engine: [Apache Tomcat/9.0.41]
2025-07-08 15:52:59.394 [restartedMain] INFO  org.apache.catalina.core.AprLifecycleListener - Loaded Apache Tomcat Native library [1.2.39] using APR version [1.7.4].
2025-07-08 15:52:59.395 [restartedMain] INFO  org.apache.catalina.core.AprLifecycleListener - APR capabilities: IPv6 [true], sendfile [true], accept filters [false], random [true].
2025-07-08 15:52:59.395 [restartedMain] INFO  org.apache.catalina.core.AprLifecycleListener - APR/OpenSSL configuration: useAprConnector [false], useOpenSSL [true]
2025-07-08 15:52:59.401 [restartedMain] INFO  org.apache.catalina.core.AprLifecycleListener - OpenSSL successfully initialized [OpenSSL 3.0.11 19 Sep 2023]
2025-07-08 15:52:59.511 [restartedMain] INFO  o.a.c.core.ContainerBase.[Tomcat].[localhost].[/] - Initializing Spring embedded WebApplicationContext
2025-07-08 15:52:59.511 [restartedMain] INFO  o.s.b.w.s.c.ServletWebServerApplicationContext - Root WebApplicationContext: initialization completed in 1094 ms
2025-07-08 15:53:00.032 [restartedMain] INFO  c.a.d.s.b.a.DruidDataSourceAutoConfigure - Init DruidDataSource
2025-07-08 15:53:00.397 [restartedMain] INFO  com.alibaba.druid.pool.DruidDataSource - {dataSource-1} inited
2025-07-08 15:53:01.005 [restartedMain] INFO  o.s.scheduling.concurrent.ThreadPoolTaskExecutor - Initializing ExecutorService 'applicationTaskExecutor'
2025-07-08 15:53:01.204 [restartedMain] INFO  o.s.b.d.autoconfigure.OptionalLiveReloadServer - LiveReload server is running on port 35729
2025-07-08 15:53:01.233 [restartedMain] INFO  org.apache.coyote.http11.Http11NioProtocol - Starting ProtocolHandler ["http-nio-9511"]
2025-07-08 15:53:01.259 [restartedMain] INFO  o.s.boot.web.embedded.tomcat.TomcatWebServer - Tomcat started on port(s): 9511 (http) with context path ''
2025-07-08 15:53:01.266 [restartedMain] INFO  com.rabbiter.tourism.TourismManagerApplication - Started TourismManagerApplication in 3.269 seconds (JVM running for 4.077)
2025-07-08 15:58:05.689 [http-nio-9511-exec-2] INFO  o.a.c.core.ContainerBase.[Tomcat].[localhost].[/] - Initializing Spring DispatcherServlet 'dispatcherServlet'
2025-07-08 15:58:05.689 [http-nio-9511-exec-2] INFO  org.springframework.web.servlet.DispatcherServlet - Initializing Servlet 'dispatcherServlet'
2025-07-08 15:58:05.692 [http-nio-9511-exec-2] INFO  org.springframework.web.servlet.DispatcherServlet - Completed initialization in 3 ms
2025-07-08 16:25:44.320 [SpringContextShutdownHook] INFO  o.s.scheduling.concurrent.ThreadPoolTaskExecutor - Shutting down ExecutorService 'applicationTaskExecutor'
2025-07-08 16:25:44.321 [SpringContextShutdownHook] INFO  com.alibaba.druid.pool.DruidDataSource - {dataSource-1} closing ...
2025-07-08 16:25:44.325 [SpringContextShutdownHook] INFO  com.alibaba.druid.pool.DruidDataSource - {dataSource-1} closed
2025-07-08 16:25:48.642 [restartedMain] INFO  com.rabbiter.tourism.TourismManagerApplication - Starting TourismManagerApplication using Java 20.0.2 on iMiLiko with PID 71300 (E:\XiangMuShiXun\project\TourismManagerApi - idea\target\classes started by 11356 in E:\XiangMuShiXun\project\TourismManagerApi - idea)
2025-07-08 16:25:48.644 [restartedMain] INFO  com.rabbiter.tourism.TourismManagerApplication - The following profiles are active: dev
2025-07-08 16:25:48.676 [restartedMain] INFO  o.s.b.d.env.DevToolsPropertyDefaultsPostProcessor - Devtools property defaults active! Set 'spring.devtools.add-properties' to 'false' to disable
2025-07-08 16:25:48.677 [restartedMain] INFO  o.s.b.d.env.DevToolsPropertyDefaultsPostProcessor - For additional web related logging consider setting the 'logging.level.web' property to 'DEBUG'
2025-07-08 16:25:49.140 [restartedMain] INFO  o.s.d.r.config.RepositoryConfigurationDelegate - Multiple Spring Data modules found, entering strict repository configuration mode!
2025-07-08 16:25:49.141 [restartedMain] INFO  o.s.d.r.config.RepositoryConfigurationDelegate - Bootstrapping Spring Data Redis repositories in DEFAULT mode.
2025-07-08 16:25:49.168 [restartedMain] INFO  o.s.d.r.config.RepositoryConfigurationDelegate - Finished Spring Data repository scanning in 18 ms. Found 0 Redis repository interfaces.
2025-07-08 16:25:49.603 [restartedMain] INFO  o.s.boot.web.embedded.tomcat.TomcatWebServer - Tomcat initialized with port(s): 9511 (http)
2025-07-08 16:25:49.611 [restartedMain] INFO  org.apache.coyote.http11.Http11NioProtocol - Initializing ProtocolHandler ["http-nio-9511"]
2025-07-08 16:25:49.611 [restartedMain] INFO  org.apache.catalina.core.StandardService - Starting service [Tomcat]
2025-07-08 16:25:49.611 [restartedMain] INFO  org.apache.catalina.core.StandardEngine - Starting Servlet engine: [Apache Tomcat/9.0.41]
2025-07-08 16:25:49.613 [restartedMain] INFO  org.apache.catalina.core.AprLifecycleListener - Loaded Apache Tomcat Native library [1.2.39] using APR version [1.7.4].
2025-07-08 16:25:49.613 [restartedMain] INFO  org.apache.catalina.core.AprLifecycleListener - APR capabilities: IPv6 [true], sendfile [true], accept filters [false], random [true].
2025-07-08 16:25:49.613 [restartedMain] INFO  org.apache.catalina.core.AprLifecycleListener - APR/OpenSSL configuration: useAprConnector [false], useOpenSSL [true]
2025-07-08 16:25:49.618 [restartedMain] INFO  org.apache.catalina.core.AprLifecycleListener - OpenSSL successfully initialized [OpenSSL 3.0.11 19 Sep 2023]
2025-07-08 16:25:49.724 [restartedMain] INFO  o.a.c.core.ContainerBase.[Tomcat].[localhost].[/] - Initializing Spring embedded WebApplicationContext
2025-07-08 16:25:49.724 [restartedMain] INFO  o.s.b.w.s.c.ServletWebServerApplicationContext - Root WebApplicationContext: initialization completed in 1047 ms
2025-07-08 16:25:50.199 [restartedMain] INFO  c.a.d.s.b.a.DruidDataSourceAutoConfigure - Init DruidDataSource
2025-07-08 16:25:50.646 [restartedMain] INFO  com.alibaba.druid.pool.DruidDataSource - {dataSource-1} inited
2025-07-08 16:25:51.269 [restartedMain] INFO  o.s.scheduling.concurrent.ThreadPoolTaskExecutor - Initializing ExecutorService 'applicationTaskExecutor'
2025-07-08 16:25:51.491 [restartedMain] INFO  o.s.b.d.autoconfigure.OptionalLiveReloadServer - LiveReload server is running on port 35729
2025-07-08 16:25:51.518 [restartedMain] INFO  org.apache.coyote.http11.Http11NioProtocol - Starting ProtocolHandler ["http-nio-9511"]
2025-07-08 16:25:51.544 [restartedMain] INFO  o.s.boot.web.embedded.tomcat.TomcatWebServer - Tomcat started on port(s): 9511 (http) with context path ''
2025-07-08 16:25:51.551 [restartedMain] INFO  com.rabbiter.tourism.TourismManagerApplication - Started TourismManagerApplication in 3.266 seconds (JVM running for 4.041)
2025-07-08 16:25:54.800 [http-nio-9511-exec-4] INFO  o.a.c.core.ContainerBase.[Tomcat].[localhost].[/] - Initializing Spring DispatcherServlet 'dispatcherServlet'
2025-07-08 16:25:54.800 [http-nio-9511-exec-4] INFO  org.springframework.web.servlet.DispatcherServlet - Initializing Servlet 'dispatcherServlet'
2025-07-08 16:25:54.801 [http-nio-9511-exec-4] INFO  org.springframework.web.servlet.DispatcherServlet - Completed initialization in 1 ms
2025-07-08 16:58:27.950 [http-nio-9511-exec-33] INFO  com.rabbiter.tourism.handle.MyMetaObjectHandler - 公共字段自动填充[update]...
2025-07-08 17:10:08.248 [http-nio-9511-exec-74] INFO  com.rabbiter.tourism.handle.MyMetaObjectHandler - 公共字段自动填充[insert]...
2025-07-08 17:10:10.802 [http-nio-9511-exec-77] INFO  com.rabbiter.tourism.handle.MyMetaObjectHandler - 公共字段自动填充[insert]...
2025-07-08 18:09:11.002 [lettuce-nioEventLoop-4-1] INFO  io.lettuce.core.protocol.CommandHandler - null Unexpected exception during request: java.net.SocketException: Connection reset
java.net.SocketException: Connection reset
	at java.base/sun.nio.ch.SocketChannelImpl.throwConnectionReset(SocketChannelImpl.java:401)
	at java.base/sun.nio.ch.SocketChannelImpl.read(SocketChannelImpl.java:434)
	at io.netty.buffer.PooledByteBuf.setBytes(PooledByteBuf.java:253)
	at io.netty.buffer.AbstractByteBuf.writeBytes(AbstractByteBuf.java:1134)
	at io.netty.channel.socket.nio.NioSocketChannel.doReadBytes(NioSocketChannel.java:350)
	at io.netty.channel.nio.AbstractNioByteChannel$NioByteUnsafe.read(AbstractNioByteChannel.java:151)
	at io.netty.channel.nio.NioEventLoop.processSelectedKey(NioEventLoop.java:719)
	at io.netty.channel.nio.NioEventLoop.processSelectedKeysOptimized(NioEventLoop.java:655)
	at io.netty.channel.nio.NioEventLoop.processSelectedKeys(NioEventLoop.java:581)
	at io.netty.channel.nio.NioEventLoop.run(NioEventLoop.java:493)
	at io.netty.util.concurrent.SingleThreadEventExecutor$4.run(SingleThreadEventExecutor.java:989)
	at io.netty.util.internal.ThreadExecutorMap$2.run(ThreadExecutorMap.java:74)
	at io.netty.util.concurrent.FastThreadLocalRunnable.run(FastThreadLocalRunnable.java:30)
	at java.base/java.lang.Thread.run(Thread.java:1623)
2025-07-08 18:09:11.040 [lettuce-eventExecutorLoop-1-9] INFO  io.lettuce.core.protocol.ConnectionWatchdog - Reconnecting, last destination was /127.0.0.1:6379
2025-07-08 18:09:14.686 [SpringContextShutdownHook] INFO  o.s.scheduling.concurrent.ThreadPoolTaskExecutor - Shutting down ExecutorService 'applicationTaskExecutor'
2025-07-08 18:09:14.688 [SpringContextShutdownHook] INFO  com.alibaba.druid.pool.DruidDataSource - {dataSource-1} closing ...
2025-07-08 18:09:14.691 [SpringContextShutdownHook] INFO  com.alibaba.druid.pool.DruidDataSource - {dataSource-1} closed
